  [1m[36m (2.7ms)[0m  [1mCREATE TABLE "schema_migrations" ("version" varchar NOT NULL) [0m
  [1m[35m (0.1ms)[0m  select sqlite_version(*)
  [1m[36m (2.4ms)[0m  [1mCREATE UNIQUE INDEX "unique_schema_migrations" ON "schema_migrations" ("version")[0m
  [1m[35mActiveRecord::SchemaMigration Load (0.1ms)[0m  SELECT "schema_migrations".* FROM "schema_migrations"
Migrating to CreateMovies (20111119180638)
  [1m[36m (0.1ms)[0m  [1mbegin transaction[0m
DEPRECATION WARNING: `#timestamps` was called without specifying an option for `null`. In Rails 5, this behavior will change to `null: false`. You should manually specify `null: true` to prevent the behavior of your existing migrations from changing. (called from block in up at /Users/kev/Desktop/Comp Sci Projects/COMSW4152 Projects/CourseCompass/db/migrate/20111119180638_create_movies.rb:10)
  [1m[35m (0.7ms)[0m  CREATE TABLE "movies" ("id" INTEGER PRIMARY KEY AUTOINCREMENT NOT NULL, "title" varchar, "rating" varchar, "description" text, "release_date" datetime, "created_at" datetime, "updated_at" datetime) 
  [1m[36mSQL (0.2ms)[0m  [1mINSERT INTO "schema_migrations" ("version") VALUES (?)[0m  [["version", "20111119180638"]]
  [1m[35m (1.7ms)[0m  commit transaction
  [1m[36mActiveRecord::SchemaMigration Load (0.1ms)[0m  [1mSELECT "schema_migrations".* FROM "schema_migrations"[0m
  [1m[35m (1.9ms)[0m  CREATE TABLE "movies" ("id" INTEGER PRIMARY KEY AUTOINCREMENT NOT NULL, "title" varchar, "rating" varchar, "description" text, "release_date" datetime, "created_at" datetime, "updated_at" datetime) 
  [1m[36m (2.7ms)[0m  [1mCREATE TABLE "schema_migrations" ("version" varchar NOT NULL) [0m
  [1m[35m (0.1ms)[0m  select sqlite_version(*)
  [1m[36m (5.1ms)[0m  [1mCREATE UNIQUE INDEX "unique_schema_migrations" ON "schema_migrations" ("version")[0m
  [1m[35m (0.2ms)[0m  SELECT version FROM "schema_migrations"
  [1m[36m (2.2ms)[0m  [1mINSERT INTO "schema_migrations" (version) VALUES ('20111119180638')[0m
  [1m[35mActiveRecord::SchemaMigration Load (0.1ms)[0m  SELECT "schema_migrations".* FROM "schema_migrations"
  [1m[36mActiveRecord::SchemaMigration Load (0.1ms)[0m  [1mSELECT "schema_migrations".* FROM "schema_migrations"[0m
  [1m[35mActiveRecord::SchemaMigration Load (0.1ms)[0m  SELECT "schema_migrations".* FROM "schema_migrations"
  [1m[36m (2.3ms)[0m  [1mCREATE TABLE "movies" ("id" INTEGER PRIMARY KEY AUTOINCREMENT NOT NULL, "title" varchar, "rating" varchar, "description" text, "release_date" datetime, "created_at" datetime, "updated_at" datetime) [0m
  [1m[35m (2.1ms)[0m  CREATE TABLE "schema_migrations" ("version" varchar NOT NULL) 
  [1m[36m (0.1ms)[0m  [1mselect sqlite_version(*)[0m
  [1m[35m (2.5ms)[0m  CREATE UNIQUE INDEX "unique_schema_migrations" ON "schema_migrations" ("version")
  [1m[36m (0.2ms)[0m  [1mSELECT version FROM "schema_migrations"[0m
  [1m[35m (2.3ms)[0m  INSERT INTO "schema_migrations" (version) VALUES ('20111119180638')
  [1m[36mActiveRecord::SchemaMigration Load (0.1ms)[0m  [1mSELECT "schema_migrations".* FROM "schema_migrations"[0m
  [1m[36m (3.2ms)[0m  [1mCREATE TABLE "movies" ("id" INTEGER PRIMARY KEY AUTOINCREMENT NOT NULL, "title" varchar, "rating" varchar, "description" text, "release_date" datetime, "created_at" datetime, "updated_at" datetime) [0m
  [1m[35m (3.5ms)[0m  CREATE TABLE "schema_migrations" ("version" varchar NOT NULL) 
  [1m[36m (0.1ms)[0m  [1mselect sqlite_version(*)[0m
  [1m[35m (3.6ms)[0m  CREATE UNIQUE INDEX "unique_schema_migrations" ON "schema_migrations" ("version")
  [1m[36m (0.3ms)[0m  [1mSELECT version FROM "schema_migrations"[0m
  [1m[35m (2.9ms)[0m  INSERT INTO "schema_migrations" (version) VALUES ('20111119180638')
  [1m[36mActiveRecord::SchemaMigration Load (1.4ms)[0m  [1mSELECT "schema_migrations".* FROM "schema_migrations"[0m
  [1m[36mActiveRecord::SchemaMigration Load (1.5ms)[0m  [1mSELECT "schema_migrations".* FROM "schema_migrations"[0m
  [1m[36m (4.1ms)[0m  [1mCREATE TABLE "movies" ("id" INTEGER PRIMARY KEY AUTOINCREMENT NOT NULL, "title" varchar, "rating" varchar, "description" text, "release_date" datetime, "created_at" datetime, "updated_at" datetime) [0m
  [1m[35m (3.1ms)[0m  CREATE TABLE "schema_migrations" ("version" varchar NOT NULL) 
  [1m[36m (0.1ms)[0m  [1mselect sqlite_version(*)[0m
  [1m[35m (3.0ms)[0m  CREATE UNIQUE INDEX "unique_schema_migrations" ON "schema_migrations" ("version")
  [1m[36m (0.3ms)[0m  [1mSELECT version FROM "schema_migrations"[0m
  [1m[35m (4.4ms)[0m  INSERT INTO "schema_migrations" (version) VALUES ('20111119180638')
  [1m[36m (2.6ms)[0m  [1mCREATE TABLE "schema_migrations" ("version" varchar NOT NULL) [0m
  [1m[35m (0.1ms)[0m  select sqlite_version(*)
  [1m[36m (4.3ms)[0m  [1mCREATE UNIQUE INDEX "unique_schema_migrations" ON "schema_migrations" ("version")[0m
  [1m[35mActiveRecord::SchemaMigration Load (0.2ms)[0m  SELECT "schema_migrations".* FROM "schema_migrations"
Migrating to CreateMovies (20111119180638)
  [1m[36m (0.1ms)[0m  [1mbegin transaction[0m
DEPRECATION WARNING: `#timestamps` was called without specifying an option for `null`. In Rails 5, this behavior will change to `null: false`. You should manually specify `null: true` to prevent the behavior of your existing migrations from changing. (called from block in up at /Users/kev/Desktop/Comp Sci Projects/COMSW4152 Projects/CourseCompass/db/migrate/20111119180638_create_movies.rb:10)
  [1m[35m (0.4ms)[0m  CREATE TABLE "movies" ("id" INTEGER PRIMARY KEY AUTOINCREMENT NOT NULL, "title" varchar, "rating" varchar, "description" text, "release_date" datetime, "created_at" datetime, "updated_at" datetime) 
  [1m[36mSQL (0.2ms)[0m  [1mINSERT INTO "schema_migrations" ("version") VALUES (?)[0m  [["version", "20111119180638"]]
  [1m[35m (2.7ms)[0m  commit transaction
  [1m[36mActiveRecord::SchemaMigration Load (0.1ms)[0m  [1mSELECT "schema_migrations".* FROM "schema_migrations"[0m
  [1m[36m (2.7ms)[0m  [1mCREATE TABLE "movies" ("id" INTEGER PRIMARY KEY AUTOINCREMENT NOT NULL, "title" varchar, "rating" varchar, "description" text, "release_date" datetime, "created_at" datetime, "updated_at" datetime) [0m
  [1m[35m (2.1ms)[0m  CREATE TABLE "schema_migrations" ("version" varchar NOT NULL) 
  [1m[36m (0.1ms)[0m  [1mselect sqlite_version(*)[0m
  [1m[35m (1.6ms)[0m  CREATE UNIQUE INDEX "unique_schema_migrations" ON "schema_migrations" ("version")
  [1m[36m (0.1ms)[0m  [1mSELECT version FROM "schema_migrations"[0m
  [1m[35m (1.4ms)[0m  INSERT INTO "schema_migrations" (version) VALUES ('20111119180638')
  [1m[36mActiveRecord::SchemaMigration Load (0.5ms)[0m  [1mSELECT "schema_migrations".* FROM "schema_migrations"[0m
  [1m[36mActiveRecord::SchemaMigration Load (1.6ms)[0m  [1mSELECT "schema_migrations".* FROM "schema_migrations"[0m
  [1m[35mActiveRecord::SchemaMigration Load (0.1ms)[0m  SELECT "schema_migrations".* FROM "schema_migrations"
  [1m[36m (3.6ms)[0m  [1mCREATE TABLE "schema_migrations" ("version" varchar NOT NULL) [0m
  [1m[35m (0.1ms)[0m  select sqlite_version(*)
  [1m[36m (3.2ms)[0m  [1mCREATE UNIQUE INDEX "unique_schema_migrations" ON "schema_migrations" ("version")[0m
  [1m[35mActiveRecord::SchemaMigration Load (0.3ms)[0m  SELECT "schema_migrations".* FROM "schema_migrations"
Migrating to CreateMovies (20111119180638)
  [1m[36mActiveRecord::SchemaMigration Load (1.1ms)[0m  [1mSELECT "schema_migrations".* FROM "schema_migrations"[0m
Migrating to CreateCourses (20111119180638)
  [1m[35m (0.1ms)[0m  begin transaction
DEPRECATION WARNING: `#timestamps` was called without specifying an option for `null`. In Rails 5, this behavior will change to `null: false`. You should manually specify `null: true` to prevent the behavior of your existing migrations from changing. (called from block in change at /Users/kev/Desktop/Comp Sci Projects/COMSW4152 Projects/CourseCompass/db/migrate/20111119180638_create_courses.rb:13)
  [1m[36m (0.8ms)[0m  [1mCREATE TABLE "courses" ("id" INTEGER PRIMARY KEY AUTOINCREMENT NOT NULL, "name" varchar NOT NULL, "description" text, "offering_term" integer DEFAULT 2, "midterm" boolean DEFAULT 0, "project" boolean DEFAULT 1, "instructor" varchar, "website" varchar, "created_at" datetime, "updated_at" datetime) [0m
  [1m[35mSQL (0.4ms)[0m  INSERT INTO "schema_migrations" ("version") VALUES (?)  [["version", "20111119180638"]]
  [1m[36m (4.4ms)[0m  [1mcommit transaction[0m
  [1m[35mActiveRecord::SchemaMigration Load (0.1ms)[0m  SELECT "schema_migrations".* FROM "schema_migrations"
  [1m[36m (4.8ms)[0m  [1mCREATE TABLE "courses" ("id" INTEGER PRIMARY KEY AUTOINCREMENT NOT NULL, "name" varchar NOT NULL, "description" text, "offering_term" integer DEFAULT 2, "midterm" boolean DEFAULT 'f', "project" boolean DEFAULT 't', "instructor" varchar, "website" varchar, "created_at" datetime, "updated_at" datetime) [0m
  [1m[35m (2.5ms)[0m  CREATE TABLE "schema_migrations" ("version" varchar NOT NULL) 
  [1m[36m (0.1ms)[0m  [1mselect sqlite_version(*)[0m
  [1m[35m (2.6ms)[0m  CREATE UNIQUE INDEX "unique_schema_migrations" ON "schema_migrations" ("version")
  [1m[36m (0.2ms)[0m  [1mSELECT version FROM "schema_migrations"[0m
  [1m[35m (2.3ms)[0m  INSERT INTO "schema_migrations" (version) VALUES ('20111119180638')
  [1m[36mActiveRecord::SchemaMigration Load (1.4ms)[0m  [1mSELECT "schema_migrations".* FROM "schema_migrations"[0m
  [1m[35m (0.1ms)[0m  begin transaction
  [1m[36mSQL (0.8ms)[0m  [1mINSERT INTO "courses" ("name", "description", "instructor", "website", "created_at", "updated_at") VALUES (?, ?, ?, ?, ?, ?)[0m  [["name", "COMS4152"], ["description", "desp"], ["instructor", "Junfeng Yang"], ["website", "https://www.cs.columbia.edu/~junfeng/23fa-w4152/index.html"], ["created_at", "2023-11-01 23:41:15.912321"], ["updated_at", "2023-11-01 23:41:15.912321"]]
  [1m[35m (1.8ms)[0m  commit transaction
  [1m[36m (2.5ms)[0m  [1mCREATE TABLE "schema_migrations" ("version" varchar NOT NULL) [0m
  [1m[35m (0.1ms)[0m  select sqlite_version(*)
  [1m[36m (2.7ms)[0m  [1mCREATE UNIQUE INDEX "unique_schema_migrations" ON "schema_migrations" ("version")[0m
  [1m[35mActiveRecord::SchemaMigration Load (0.2ms)[0m  SELECT "schema_migrations".* FROM "schema_migrations"
Migrating to CreateUsers (20231101234547)
  [1m[36mActiveRecord::SchemaMigration Load (1.2ms)[0m  [1mSELECT "schema_migrations".* FROM "schema_migrations"[0m
Migrating to CreateUsers (20231101234547)
  [1m[35m (0.1ms)[0m  begin transaction
DEPRECATION WARNING: `#timestamps` was called without specifying an option for `null`. In Rails 5, this behavior will change to `null: false`. You should manually specify `null: true` to prevent the behavior of your existing migrations from changing. (called from block in change at /Users/kev/Desktop/Comp Sci Projects/COMSW4152 Projects/CourseCompass/db/migrate/20231101234547_create_users.rb:15)
  [1m[36m (1.1ms)[0m  [1mCREATE TABLE "users" ("id" INTEGER PRIMARY KEY AUTOINCREMENT NOT NULL, "uid" varchar NOT NULL, "provider" varchar, "oauth_token" varchar, "oauth_expires_at" datetime, "email" varchar, "major" varchar, "first_name" varchar, "last_name" varchar, "profile_pic" varchar, "created_at" datetime, "updated_at" datetime) [0m
  [1m[35m (0.1ms)[0m  select sqlite_version(*)
  [1m[36m (0.3ms)[0m  [1mCREATE UNIQUE INDEX "index_users_on_uid" ON "users" ("uid")[0m
  [1m[35mSQL (0.3ms)[0m  INSERT INTO "schema_migrations" ("version") VALUES (?)  [["version", "20231101234547"]]
  [1m[36m (2.2ms)[0m  [1mcommit transaction[0m
Migrating to CreateCourses (20231101234712)
  [1m[35m (0.2ms)[0m  begin transaction
DEPRECATION WARNING: `#timestamps` was called without specifying an option for `null`. In Rails 5, this behavior will change to `null: false`. You should manually specify `null: true` to prevent the behavior of your existing migrations from changing. (called from block in change at /Users/kev/Desktop/Comp Sci Projects/COMSW4152 Projects/CourseCompass/db/migrate/20231101234712_create_courses.rb:13)
  [1m[36m (0.5ms)[0m  [1mCREATE TABLE "courses" ("id" INTEGER PRIMARY KEY AUTOINCREMENT NOT NULL, "name" varchar NOT NULL, "description" text, "offering_term" integer DEFAULT 2, "midterm" boolean DEFAULT 0, "project" boolean DEFAULT 1, "instructor" varchar, "website" varchar, "created_at" datetime, "updated_at" datetime) [0m
  [1m[35mSQL (0.1ms)[0m  INSERT INTO "schema_migrations" ("version") VALUES (?)  [["version", "20231101234712"]]
  [1m[36m (2.4ms)[0m  [1mcommit transaction[0m
  [1m[35mActiveRecord::SchemaMigration Load (0.1ms)[0m  SELECT "schema_migrations".* FROM "schema_migrations"
  [1m[36m (0.2ms)[0m  [1m            SELECT sql
            FROM sqlite_master
            WHERE name='index_users_on_uid' AND type='index'
            UNION ALL
            SELECT sql
            FROM sqlite_temp_master
            WHERE name='index_users_on_uid' AND type='index'
[0m
  [1m[36m (2.8ms)[0m  [1mCREATE TABLE "courses" ("id" INTEGER PRIMARY KEY AUTOINCREMENT NOT NULL, "name" varchar NOT NULL, "description" text, "offering_term" integer DEFAULT 2, "midterm" boolean DEFAULT 'f', "project" boolean DEFAULT 't', "instructor" varchar, "website" varchar, "created_at" datetime, "updated_at" datetime) [0m
  [1m[35m (1.9ms)[0m  CREATE TABLE "users" ("id" INTEGER PRIMARY KEY AUTOINCREMENT NOT NULL, "uid" varchar NOT NULL, "provider" varchar, "oauth_token" varchar, "oauth_expires_at" datetime, "email" varchar, "major" varchar, "first_name" varchar, "last_name" varchar, "profile_pic" varchar, "created_at" datetime, "updated_at" datetime) 
  [1m[36m (0.1ms)[0m  [1mselect sqlite_version(*)[0m
  [1m[35m (3.2ms)[0m  CREATE UNIQUE INDEX "index_users_on_uid" ON "users" ("uid")
  [1m[36m (3.6ms)[0m  [1mCREATE TABLE "schema_migrations" ("version" varchar NOT NULL) [0m
  [1m[35m (2.2ms)[0m  CREATE UNIQUE INDEX "unique_schema_migrations" ON "schema_migrations" ("version")
  [1m[36m (0.1ms)[0m  [1mSELECT version FROM "schema_migrations"[0m
  [1m[35m (2.1ms)[0m  INSERT INTO "schema_migrations" (version) VALUES ('20231101234712')
  [1m[36m (2.8ms)[0m  [1mINSERT INTO "schema_migrations" (version) VALUES ('20231101234547')[0m
  [1m[35mActiveRecord::SchemaMigration Load (0.1ms)[0m  SELECT "schema_migrations".* FROM "schema_migrations"
  [1m[36m (0.1ms)[0m  [1mbegin transaction[0m
  [1m[35mSQL (0.6ms)[0m  INSERT INTO "courses" ("name", "description", "instructor", "website", "created_at", "updated_at") VALUES (?, ?, ?, ?, ?, ?)  [["name", "COMS4152"], ["description", "desp"], ["instructor", "Junfeng Yang"], ["website", "https://www.cs.columbia.edu/~junfeng/23fa-w4152/index.html"], ["created_at", "2023-11-01 23:49:34.825552"], ["updated_at", "2023-11-01 23:49:34.825552"]]
  [1m[36m (2.1ms)[0m  [1mcommit transaction[0m
  [1m[35m (0.1ms)[0m  begin transaction
  [1m[36mSQL (0.5ms)[0m  [1mINSERT INTO "users" ("provider", "uid", "oauth_token", "email", "major", "first_name", "last_name", "profile_pic", "created_at", "updated_at") VALUES (?, ?, ?, ?, ?, ?, ?, ?, ?, ?)[0m  [["provider", "google_oauth2"], ["uid", "1"], ["oauth_token", "0"], ["email", "test1@columbia.edu"], ["major", "Computer Science"], ["first_name", "Test"], ["last_name", "User1"], ["profile_pic", "https://static.vecteezy.com/system/resources/previews/002/318/271/non_2x/user-profile-icon-free-vector.jpg"], ["created_at", "2023-11-01 23:49:34.839645"], ["updated_at", "2023-11-01 23:49:34.839645"]]
  [1m[35m (1.9ms)[0m  commit transaction
  [1m[36m (0.1ms)[0m  [1mbegin transaction[0m
  [1m[35mSQL (0.5ms)[0m  INSERT INTO "users" ("provider", "uid", "oauth_token", "email", "major", "first_name", "last_name", "profile_pic", "created_at", "updated_at") VALUES (?, ?, ?, ?, ?, ?, ?, ?, ?, ?)  [["provider", "google_oauth2"], ["uid", "2"], ["oauth_token", "0"], ["email", "test2@columbia.edu"], ["major", "Computer Science"], ["first_name", "Test"], ["last_name", "User2"], ["profile_pic", "https://static.vecteezy.com/system/resources/previews/002/318/271/non_2x/user-profile-icon-free-vector.jpg"], ["created_at", "2023-11-01 23:49:34.844626"], ["updated_at", "2023-11-01 23:49:34.844626"]]
  [1m[36m (1.9ms)[0m  [1mcommit transaction[0m
  [1m[35m (0.1ms)[0m  begin transaction
  [1m[36mSQL (0.4ms)[0m  [1mINSERT INTO "users" ("provider", "uid", "oauth_token", "email", "major", "first_name", "last_name", "profile_pic", "created_at", "updated_at") VALUES (?, ?, ?, ?, ?, ?, ?, ?, ?, ?)[0m  [["provider", "google_oauth2"], ["uid", "3"], ["oauth_token", "0"], ["email", "test3@columbia.edu"], ["major", "Economics"], ["first_name", "Test"], ["last_name", "User3"], ["profile_pic", "https://static.vecteezy.com/system/resources/previews/002/318/271/non_2x/user-profile-icon-free-vector.jpg"], ["created_at", "2023-11-01 23:49:34.848583"], ["updated_at", "2023-11-01 23:49:34.848583"]]
  [1m[35m (2.0ms)[0m  commit transaction
  [1m[36m (0.0ms)[0m  [1mbegin transaction[0m
  [1m[35mSQL (0.3ms)[0m  INSERT INTO "users" ("provider", "uid", "oauth_token", "email", "major", "first_name", "last_name", "profile_pic", "created_at", "updated_at") VALUES (?, ?, ?, ?, ?, ?, ?, ?, ?, ?)  [["provider", "google_oauth2"], ["uid", "4"], ["oauth_token", "0"], ["email", "test4@columbia.edu"], ["major", "Electrical Engineering"], ["first_name", "Test"], ["last_name", "User4"], ["profile_pic", "https://static.vecteezy.com/system/resources/previews/002/318/271/non_2x/user-profile-icon-free-vector.jpg"], ["created_at", "2023-11-01 23:49:34.852452"], ["updated_at", "2023-11-01 23:49:34.852452"]]
  [1m[36m (1.7ms)[0m  [1mcommit transaction[0m


Started GET "/" for 127.0.0.1 at 2023-11-01 19:50:20 -0400


Started GET "/movies" for 127.0.0.1 at 2023-11-01 19:50:21 -0400
Processing by MoviesController#index as HTML
Completed 500 Internal Server Error in 2ms (ActiveRecord: 0.0ms)

NameError (uninitialized constant MoviesController::Movie):
  app/controllers/movies_controller.rb:10:in `index'


  Rendered /Users/kev/.rbenv/versions/2.6.6/lib/ruby/gems/2.6.0/gems/actionpack-4.2.10/lib/action_dispatch/middleware/templates/rescues/_source.erb (2.7ms)
  Rendered /Users/kev/.rbenv/versions/2.6.6/lib/ruby/gems/2.6.0/gems/actionpack-4.2.10/lib/action_dispatch/middleware/templates/rescues/_trace.html.erb (2.6ms)
  Rendered /Users/kev/.rbenv/versions/2.6.6/lib/ruby/gems/2.6.0/gems/actionpack-4.2.10/lib/action_dispatch/middleware/templates/rescues/_request_and_response.html.erb (9.5ms)
  Rendered /Users/kev/.rbenv/versions/2.6.6/lib/ruby/gems/2.6.0/gems/actionpack-4.2.10/lib/action_dispatch/middleware/templates/rescues/diagnostics.html.erb within rescues/layout (51.5ms)


Started GET "/" for 127.0.0.1 at 2023-11-01 20:17:10 -0400


Started GET "/movies" for 127.0.0.1 at 2023-11-01 20:17:11 -0400
Processing by MoviesController#index as HTML
Completed 500 Internal Server Error in 2ms (ActiveRecord: 0.0ms)

NameError (uninitialized constant MoviesController::Movie):
  app/controllers/movies_controller.rb:10:in `index'


  Rendered /Users/kev/.rbenv/versions/2.6.6/lib/ruby/gems/2.6.0/gems/actionpack-4.2.10/lib/action_dispatch/middleware/templates/rescues/_source.erb (10.2ms)
  Rendered /Users/kev/.rbenv/versions/2.6.6/lib/ruby/gems/2.6.0/gems/actionpack-4.2.10/lib/action_dispatch/middleware/templates/rescues/_trace.html.erb (5.1ms)
  Rendered /Users/kev/.rbenv/versions/2.6.6/lib/ruby/gems/2.6.0/gems/actionpack-4.2.10/lib/action_dispatch/middleware/templates/rescues/_request_and_response.html.erb (18.2ms)
  Rendered /Users/kev/.rbenv/versions/2.6.6/lib/ruby/gems/2.6.0/gems/actionpack-4.2.10/lib/action_dispatch/middleware/templates/rescues/diagnostics.html.erb within rescues/layout (120.6ms)


Started GET "/" for 127.0.0.1 at 2023-11-01 20:31:37 -0400


Started GET "/movies" for 127.0.0.1 at 2023-11-01 20:31:38 -0400

ActionController::RoutingError (No route matches [GET] "/movies"):
  actionpack (4.2.10) lib/action_dispatch/middleware/debug_exceptions.rb:21:in `call'
  actionpack (4.2.10) lib/action_dispatch/middleware/show_exceptions.rb:30:in `call'
  railties (4.2.10) lib/rails/rack/logger.rb:38:in `call_app'
  railties (4.2.10) lib/rails/rack/logger.rb:20:in `block in call'
  activesupport (4.2.10) lib/active_support/tagged_logging.rb:68:in `block in tagged'
  activesupport (4.2.10) lib/active_support/tagged_logging.rb:26:in `tagged'
  activesupport (4.2.10) lib/active_support/tagged_logging.rb:68:in `tagged'
  railties (4.2.10) lib/rails/rack/logger.rb:20:in `call'
  actionpack (4.2.10) lib/action_dispatch/middleware/request_id.rb:21:in `call'
  rack (1.6.10) lib/rack/methodoverride.rb:22:in `call'
  rack (1.6.10) lib/rack/runtime.rb:18:in `call'
  activesupport (4.2.10) lib/active_support/cache/strategy/local_cache_middleware.rb:28:in `call'
  rack (1.6.10) lib/rack/lock.rb:17:in `call'
  actionpack (4.2.10) lib/action_dispatch/middleware/static.rb:120:in `call'
  rack (1.6.10) lib/rack/sendfile.rb:113:in `call'
  railties (4.2.10) lib/rails/engine.rb:518:in `call'
  railties (4.2.10) lib/rails/application.rb:165:in `call'
  rack (1.6.10) lib/rack/lock.rb:17:in `call'
  rack (1.6.10) lib/rack/content_length.rb:15:in `call'
  rack (1.6.10) lib/rack/handler/webrick.rb:88:in `service'
  /Users/kev/.rbenv/versions/2.6.6/lib/ruby/2.6.0/webrick/httpserver.rb:140:in `service'
  /Users/kev/.rbenv/versions/2.6.6/lib/ruby/2.6.0/webrick/httpserver.rb:96:in `run'
  /Users/kev/.rbenv/versions/2.6.6/lib/ruby/2.6.0/webrick/server.rb:307:in `block in start_thread'


  Rendered /Users/kev/.rbenv/versions/2.6.6/lib/ruby/gems/2.6.0/gems/actionpack-4.2.10/lib/action_dispatch/middleware/templates/rescues/_trace.html.erb (8.8ms)
  Rendered /Users/kev/.rbenv/versions/2.6.6/lib/ruby/gems/2.6.0/gems/actionpack-4.2.10/lib/action_dispatch/middleware/templates/routes/_route.html.erb (2.0ms)
  Rendered /Users/kev/.rbenv/versions/2.6.6/lib/ruby/gems/2.6.0/gems/actionpack-4.2.10/lib/action_dispatch/middleware/templates/routes/_table.html.erb (31.8ms)
  Rendered /Users/kev/.rbenv/versions/2.6.6/lib/ruby/gems/2.6.0/gems/actionpack-4.2.10/lib/action_dispatch/middleware/templates/rescues/_request_and_response.html.erb (19.2ms)
  Rendered /Users/kev/.rbenv/versions/2.6.6/lib/ruby/gems/2.6.0/gems/actionpack-4.2.10/lib/action_dispatch/middleware/templates/rescues/routing_error.html.erb within rescues/layout (131.0ms)


Started GET "/movies" for 127.0.0.1 at 2023-11-01 20:33:10 -0400

ActionController::RoutingError (No route matches [GET] "/movies"):
  actionpack (4.2.10) lib/action_dispatch/middleware/debug_exceptions.rb:21:in `call'
  actionpack (4.2.10) lib/action_dispatch/middleware/show_exceptions.rb:30:in `call'
  railties (4.2.10) lib/rails/rack/logger.rb:38:in `call_app'
  railties (4.2.10) lib/rails/rack/logger.rb:20:in `block in call'
  activesupport (4.2.10) lib/active_support/tagged_logging.rb:68:in `block in tagged'
  activesupport (4.2.10) lib/active_support/tagged_logging.rb:26:in `tagged'
  activesupport (4.2.10) lib/active_support/tagged_logging.rb:68:in `tagged'
  railties (4.2.10) lib/rails/rack/logger.rb:20:in `call'
  actionpack (4.2.10) lib/action_dispatch/middleware/request_id.rb:21:in `call'
  rack (1.6.10) lib/rack/methodoverride.rb:22:in `call'
  rack (1.6.10) lib/rack/runtime.rb:18:in `call'
  activesupport (4.2.10) lib/active_support/cache/strategy/local_cache_middleware.rb:28:in `call'
  rack (1.6.10) lib/rack/lock.rb:17:in `call'
  actionpack (4.2.10) lib/action_dispatch/middleware/static.rb:120:in `call'
  rack (1.6.10) lib/rack/sendfile.rb:113:in `call'
  railties (4.2.10) lib/rails/engine.rb:518:in `call'
  railties (4.2.10) lib/rails/application.rb:165:in `call'
  rack (1.6.10) lib/rack/lock.rb:17:in `call'
  rack (1.6.10) lib/rack/content_length.rb:15:in `call'
  rack (1.6.10) lib/rack/handler/webrick.rb:88:in `service'
  /Users/kev/.rbenv/versions/2.6.6/lib/ruby/2.6.0/webrick/httpserver.rb:140:in `service'
  /Users/kev/.rbenv/versions/2.6.6/lib/ruby/2.6.0/webrick/httpserver.rb:96:in `run'
  /Users/kev/.rbenv/versions/2.6.6/lib/ruby/2.6.0/webrick/server.rb:307:in `block in start_thread'


  Rendered /Users/kev/.rbenv/versions/2.6.6/lib/ruby/gems/2.6.0/gems/actionpack-4.2.10/lib/action_dispatch/middleware/templates/rescues/_trace.html.erb (1.4ms)
  Rendered /Users/kev/.rbenv/versions/2.6.6/lib/ruby/gems/2.6.0/gems/actionpack-4.2.10/lib/action_dispatch/middleware/templates/routes/_route.html.erb (5.0ms)
  Rendered /Users/kev/.rbenv/versions/2.6.6/lib/ruby/gems/2.6.0/gems/actionpack-4.2.10/lib/action_dispatch/middleware/templates/routes/_table.html.erb (1.7ms)
  Rendered /Users/kev/.rbenv/versions/2.6.6/lib/ruby/gems/2.6.0/gems/actionpack-4.2.10/lib/action_dispatch/middleware/templates/rescues/_request_and_response.html.erb (2.4ms)
  Rendered /Users/kev/.rbenv/versions/2.6.6/lib/ruby/gems/2.6.0/gems/actionpack-4.2.10/lib/action_dispatch/middleware/templates/rescues/routing_error.html.erb within rescues/layout (71.5ms)


Started GET "/movies" for 127.0.0.1 at 2023-11-01 20:33:11 -0400

ActionController::RoutingError (No route matches [GET] "/movies"):
  actionpack (4.2.10) lib/action_dispatch/middleware/debug_exceptions.rb:21:in `call'
  actionpack (4.2.10) lib/action_dispatch/middleware/show_exceptions.rb:30:in `call'
  railties (4.2.10) lib/rails/rack/logger.rb:38:in `call_app'
  railties (4.2.10) lib/rails/rack/logger.rb:20:in `block in call'
  activesupport (4.2.10) lib/active_support/tagged_logging.rb:68:in `block in tagged'
  activesupport (4.2.10) lib/active_support/tagged_logging.rb:26:in `tagged'
  activesupport (4.2.10) lib/active_support/tagged_logging.rb:68:in `tagged'
  railties (4.2.10) lib/rails/rack/logger.rb:20:in `call'
  actionpack (4.2.10) lib/action_dispatch/middleware/request_id.rb:21:in `call'
  rack (1.6.10) lib/rack/methodoverride.rb:22:in `call'
  rack (1.6.10) lib/rack/runtime.rb:18:in `call'
  activesupport (4.2.10) lib/active_support/cache/strategy/local_cache_middleware.rb:28:in `call'
  rack (1.6.10) lib/rack/lock.rb:17:in `call'
  actionpack (4.2.10) lib/action_dispatch/middleware/static.rb:120:in `call'
  rack (1.6.10) lib/rack/sendfile.rb:113:in `call'
  railties (4.2.10) lib/rails/engine.rb:518:in `call'
  railties (4.2.10) lib/rails/application.rb:165:in `call'
  rack (1.6.10) lib/rack/lock.rb:17:in `call'
  rack (1.6.10) lib/rack/content_length.rb:15:in `call'
  rack (1.6.10) lib/rack/handler/webrick.rb:88:in `service'
  /Users/kev/.rbenv/versions/2.6.6/lib/ruby/2.6.0/webrick/httpserver.rb:140:in `service'
  /Users/kev/.rbenv/versions/2.6.6/lib/ruby/2.6.0/webrick/httpserver.rb:96:in `run'
  /Users/kev/.rbenv/versions/2.6.6/lib/ruby/2.6.0/webrick/server.rb:307:in `block in start_thread'


  Rendered /Users/kev/.rbenv/versions/2.6.6/lib/ruby/gems/2.6.0/gems/actionpack-4.2.10/lib/action_dispatch/middleware/templates/rescues/_trace.html.erb (1.9ms)
  Rendered /Users/kev/.rbenv/versions/2.6.6/lib/ruby/gems/2.6.0/gems/actionpack-4.2.10/lib/action_dispatch/middleware/templates/routes/_route.html.erb (1.1ms)
  Rendered /Users/kev/.rbenv/versions/2.6.6/lib/ruby/gems/2.6.0/gems/actionpack-4.2.10/lib/action_dispatch/middleware/templates/routes/_table.html.erb (1.7ms)
  Rendered /Users/kev/.rbenv/versions/2.6.6/lib/ruby/gems/2.6.0/gems/actionpack-4.2.10/lib/action_dispatch/middleware/templates/rescues/_request_and_response.html.erb (1.6ms)
  Rendered /Users/kev/.rbenv/versions/2.6.6/lib/ruby/gems/2.6.0/gems/actionpack-4.2.10/lib/action_dispatch/middleware/templates/rescues/routing_error.html.erb within rescues/layout (31.6ms)


Started GET "/movies" for 127.0.0.1 at 2023-11-01 20:33:37 -0400

ActionController::RoutingError (No route matches [GET] "/movies"):
  actionpack (4.2.10) lib/action_dispatch/middleware/debug_exceptions.rb:21:in `call'
  actionpack (4.2.10) lib/action_dispatch/middleware/show_exceptions.rb:30:in `call'
  railties (4.2.10) lib/rails/rack/logger.rb:38:in `call_app'
  railties (4.2.10) lib/rails/rack/logger.rb:20:in `block in call'
  activesupport (4.2.10) lib/active_support/tagged_logging.rb:68:in `block in tagged'
  activesupport (4.2.10) lib/active_support/tagged_logging.rb:26:in `tagged'
  activesupport (4.2.10) lib/active_support/tagged_logging.rb:68:in `tagged'
  railties (4.2.10) lib/rails/rack/logger.rb:20:in `call'
  actionpack (4.2.10) lib/action_dispatch/middleware/request_id.rb:21:in `call'
  rack (1.6.10) lib/rack/methodoverride.rb:22:in `call'
  rack (1.6.10) lib/rack/runtime.rb:18:in `call'
  activesupport (4.2.10) lib/active_support/cache/strategy/local_cache_middleware.rb:28:in `call'
  rack (1.6.10) lib/rack/lock.rb:17:in `call'
  actionpack (4.2.10) lib/action_dispatch/middleware/static.rb:120:in `call'
  rack (1.6.10) lib/rack/sendfile.rb:113:in `call'
  railties (4.2.10) lib/rails/engine.rb:518:in `call'
  railties (4.2.10) lib/rails/application.rb:165:in `call'
  rack (1.6.10) lib/rack/lock.rb:17:in `call'
  rack (1.6.10) lib/rack/content_length.rb:15:in `call'
  rack (1.6.10) lib/rack/handler/webrick.rb:88:in `service'
  /Users/kev/.rbenv/versions/2.6.6/lib/ruby/2.6.0/webrick/httpserver.rb:140:in `service'
  /Users/kev/.rbenv/versions/2.6.6/lib/ruby/2.6.0/webrick/httpserver.rb:96:in `run'
  /Users/kev/.rbenv/versions/2.6.6/lib/ruby/2.6.0/webrick/server.rb:307:in `block in start_thread'


  Rendered /Users/kev/.rbenv/versions/2.6.6/lib/ruby/gems/2.6.0/gems/actionpack-4.2.10/lib/action_dispatch/middleware/templates/rescues/_trace.html.erb (3.1ms)
  Rendered /Users/kev/.rbenv/versions/2.6.6/lib/ruby/gems/2.6.0/gems/actionpack-4.2.10/lib/action_dispatch/middleware/templates/routes/_route.html.erb (1.3ms)
  Rendered /Users/kev/.rbenv/versions/2.6.6/lib/ruby/gems/2.6.0/gems/actionpack-4.2.10/lib/action_dispatch/middleware/templates/routes/_table.html.erb (29.2ms)
  Rendered /Users/kev/.rbenv/versions/2.6.6/lib/ruby/gems/2.6.0/gems/actionpack-4.2.10/lib/action_dispatch/middleware/templates/rescues/_request_and_response.html.erb (14.3ms)
  Rendered /Users/kev/.rbenv/versions/2.6.6/lib/ruby/gems/2.6.0/gems/actionpack-4.2.10/lib/action_dispatch/middleware/templates/rescues/routing_error.html.erb within rescues/layout (89.3ms)


Started GET "/" for 127.0.0.1 at 2023-11-01 20:33:40 -0400


Started GET "/courses" for 127.0.0.1 at 2023-11-01 20:33:40 -0400
Processing by CoursesController#index as HTML
Completed 500 Internal Server Error in 60ms (ActiveRecord: 0.0ms)

ActionView::MissingTemplate (Missing template courses/index, application/index with {:locale=>[:en], :formats=>[:html], :variants=>[], :handlers=>[:erb, :builder, :raw, :ruby]}. Searched in:
  * "/Users/kev/Desktop/Comp Sci Projects/COMSW4152 Projects/CourseCompass/app/views"
):
  actionview (4.2.10) lib/action_view/path_set.rb:46:in `find'
  actionview (4.2.10) lib/action_view/lookup_context.rb:121:in `find'
  actionview (4.2.10) lib/action_view/renderer/abstract_renderer.rb:18:in `find_template'
  actionview (4.2.10) lib/action_view/renderer/template_renderer.rb:40:in `determine_template'
  actionview (4.2.10) lib/action_view/renderer/template_renderer.rb:8:in `render'
  actionview (4.2.10) lib/action_view/renderer/renderer.rb:46:in `render_template'
  actionview (4.2.10) lib/action_view/renderer/renderer.rb:27:in `render'
  actionview (4.2.10) lib/action_view/rendering.rb:100:in `_render_template'
  actionpack (4.2.10) lib/action_controller/metal/streaming.rb:217:in `_render_template'
  actionview (4.2.10) lib/action_view/rendering.rb:83:in `render_to_body'
  actionpack (4.2.10) lib/action_controller/metal/rendering.rb:32:in `render_to_body'
  actionpack (4.2.10) lib/action_controller/metal/renderers.rb:37:in `render_to_body'
  actionpack (4.2.10) lib/abstract_controller/rendering.rb:25:in `render'
  actionpack (4.2.10) lib/action_controller/metal/rendering.rb:16:in `render'
  actionpack (4.2.10) lib/action_controller/metal/instrumentation.rb:44:in `block (2 levels) in render'
  activesupport (4.2.10) lib/active_support/core_ext/benchmark.rb:12:in `block in ms'
  /Users/kev/.rbenv/versions/2.6.6/lib/ruby/2.6.0/benchmark.rb:308:in `realtime'
  activesupport (4.2.10) lib/active_support/core_ext/benchmark.rb:12:in `ms'
  actionpack (4.2.10) lib/action_controller/metal/instrumentation.rb:44:in `block in render'
  actionpack (4.2.10) lib/action_controller/metal/instrumentation.rb:87:in `cleanup_view_runtime'
  activerecord (4.2.10) lib/active_record/railties/controller_runtime.rb:25:in `cleanup_view_runtime'
  actionpack (4.2.10) lib/action_controller/metal/instrumentation.rb:43:in `render'
  actionpack (4.2.10) lib/action_controller/metal/implicit_render.rb:10:in `default_render'
  actionpack (4.2.10) lib/action_controller/metal/implicit_render.rb:5:in `send_action'
  actionpack (4.2.10) lib/abstract_controller/base.rb:198:in `process_action'
  actionpack (4.2.10) lib/action_controller/metal/rendering.rb:10:in `process_action'
  actionpack (4.2.10) lib/abstract_controller/callbacks.rb:20:in `block in process_action'
  activesupport (4.2.10) lib/active_support/callbacks.rb:117:in `call'
  activesupport (4.2.10) lib/active_support/callbacks.rb:555:in `block (2 levels) in compile'
  activesupport (4.2.10) lib/active_support/callbacks.rb:505:in `call'
  activesupport (4.2.10) lib/active_support/callbacks.rb:92:in `__run_callbacks__'
  activesupport (4.2.10) lib/active_support/callbacks.rb:778:in `_run_process_action_callbacks'
  activesupport (4.2.10) lib/active_support/callbacks.rb:81:in `run_callbacks'
  actionpack (4.2.10) lib/abstract_controller/callbacks.rb:19:in `process_action'
  actionpack (4.2.10) lib/action_controller/metal/rescue.rb:29:in `process_action'
  actionpack (4.2.10) lib/action_controller/metal/instrumentation.rb:32:in `block in process_action'
  activesupport (4.2.10) lib/active_support/notifications.rb:164:in `block in instrument'
  activesupport (4.2.10) lib/active_support/notifications/instrumenter.rb:20:in `instrument'
  activesupport (4.2.10) lib/active_support/notifications.rb:164:in `instrument'
  actionpack (4.2.10) lib/action_controller/metal/instrumentation.rb:30:in `process_action'
  actionpack (4.2.10) lib/action_controller/metal/params_wrapper.rb:250:in `process_action'
  activerecord (4.2.10) lib/active_record/railties/controller_runtime.rb:18:in `process_action'
  actionpack (4.2.10) lib/abstract_controller/base.rb:137:in `process'
  actionview (4.2.10) lib/action_view/rendering.rb:30:in `process'
  actionpack (4.2.10) lib/action_controller/metal.rb:196:in `dispatch'
  actionpack (4.2.10) lib/action_controller/metal/rack_delegation.rb:13:in `dispatch'
  actionpack (4.2.10) lib/action_controller/metal.rb:237:in `block in action'
  actionpack (4.2.10) lib/action_dispatch/routing/route_set.rb:74:in `dispatch'
  actionpack (4.2.10) lib/action_dispatch/routing/route_set.rb:43:in `serve'
  actionpack (4.2.10) lib/action_dispatch/journey/router.rb:43:in `block in serve'
  actionpack (4.2.10) lib/action_dispatch/journey/router.rb:30:in `each'
  actionpack (4.2.10) lib/action_dispatch/journey/router.rb:30:in `serve'
  actionpack (4.2.10) lib/action_dispatch/routing/route_set.rb:817:in `call'
  rack (1.6.10) lib/rack/etag.rb:24:in `call'
  rack (1.6.10) lib/rack/conditionalget.rb:25:in `call'
  rack (1.6.10) lib/rack/head.rb:13:in `call'
  actionpack (4.2.10) lib/action_dispatch/middleware/params_parser.rb:27:in `call'
  actionpack (4.2.10) lib/action_dispatch/middleware/flash.rb:260:in `call'
  rack (1.6.10) lib/rack/session/abstract/id.rb:225:in `context'
  rack (1.6.10) lib/rack/session/abstract/id.rb:220:in `call'
  actionpack (4.2.10) lib/action_dispatch/middleware/cookies.rb:560:in `call'
  activerecord (4.2.10) lib/active_record/query_cache.rb:36:in `call'
  activerecord (4.2.10) lib/active_record/connection_adapters/abstract/connection_pool.rb:653:in `call'
  actionpack (4.2.10) lib/action_dispatch/middleware/callbacks.rb:29:in `block in call'
  activesupport (4.2.10) lib/active_support/callbacks.rb:88:in `__run_callbacks__'
  activesupport (4.2.10) lib/active_support/callbacks.rb:778:in `_run_call_callbacks'
  activesupport (4.2.10) lib/active_support/callbacks.rb:81:in `run_callbacks'
  actionpack (4.2.10) lib/action_dispatch/middleware/callbacks.rb:27:in `call'
  actionpack (4.2.10) lib/action_dispatch/middleware/reloader.rb:73:in `call'
  actionpack (4.2.10) lib/action_dispatch/middleware/remote_ip.rb:78:in `call'
  actionpack (4.2.10) lib/action_dispatch/middleware/debug_exceptions.rb:17:in `call'
  actionpack (4.2.10) lib/action_dispatch/middleware/show_exceptions.rb:30:in `call'
  railties (4.2.10) lib/rails/rack/logger.rb:38:in `call_app'
  railties (4.2.10) lib/rails/rack/logger.rb:20:in `block in call'
  activesupport (4.2.10) lib/active_support/tagged_logging.rb:68:in `block in tagged'
  activesupport (4.2.10) lib/active_support/tagged_logging.rb:26:in `tagged'
  activesupport (4.2.10) lib/active_support/tagged_logging.rb:68:in `tagged'
  railties (4.2.10) lib/rails/rack/logger.rb:20:in `call'
  actionpack (4.2.10) lib/action_dispatch/middleware/request_id.rb:21:in `call'
  rack (1.6.10) lib/rack/methodoverride.rb:22:in `call'
  rack (1.6.10) lib/rack/runtime.rb:18:in `call'
  activesupport (4.2.10) lib/active_support/cache/strategy/local_cache_middleware.rb:28:in `call'
  rack (1.6.10) lib/rack/lock.rb:17:in `call'
  actionpack (4.2.10) lib/action_dispatch/middleware/static.rb:120:in `call'
  rack (1.6.10) lib/rack/sendfile.rb:113:in `call'
  railties (4.2.10) lib/rails/engine.rb:518:in `call'
  railties (4.2.10) lib/rails/application.rb:165:in `call'
  rack (1.6.10) lib/rack/lock.rb:17:in `call'
  rack (1.6.10) lib/rack/content_length.rb:15:in `call'
  rack (1.6.10) lib/rack/handler/webrick.rb:88:in `service'
  /Users/kev/.rbenv/versions/2.6.6/lib/ruby/2.6.0/webrick/httpserver.rb:140:in `service'
  /Users/kev/.rbenv/versions/2.6.6/lib/ruby/2.6.0/webrick/httpserver.rb:96:in `run'
  /Users/kev/.rbenv/versions/2.6.6/lib/ruby/2.6.0/webrick/server.rb:307:in `block in start_thread'


  Rendered /Users/kev/.rbenv/versions/2.6.6/lib/ruby/gems/2.6.0/gems/actionpack-4.2.10/lib/action_dispatch/middleware/templates/rescues/_source.erb (3.3ms)
  Rendered /Users/kev/.rbenv/versions/2.6.6/lib/ruby/gems/2.6.0/gems/actionpack-4.2.10/lib/action_dispatch/middleware/templates/rescues/_trace.html.erb (1.8ms)
  Rendered /Users/kev/.rbenv/versions/2.6.6/lib/ruby/gems/2.6.0/gems/actionpack-4.2.10/lib/action_dispatch/middleware/templates/rescues/_request_and_response.html.erb (0.7ms)
  Rendered /Users/kev/.rbenv/versions/2.6.6/lib/ruby/gems/2.6.0/gems/actionpack-4.2.10/lib/action_dispatch/middleware/templates/rescues/missing_template.html.erb within rescues/layout (18.6ms)


Started GET "/" for 127.0.0.1 at 2023-11-01 20:36:55 -0400


Started GET "/courses" for 127.0.0.1 at 2023-11-01 20:36:55 -0400
Processing by CoursesController#index as HTML
  [1m[36mCourse Load (5.8ms)[0m  [1mSELECT "courses".* FROM "courses"[0m
  Rendered courses/index.html.erb within layouts/application (52.5ms)
Completed 500 Internal Server Error in 143ms (ActiveRecord: 6.5ms)

ActionView::Template::Error (undefined method `title' for #<Course:0x00007f7e218271b0>):
    16:     <% @courses.each do |movie| %>
    17:       <tr>
    18:         <td>
    19:           <%= movie.title %>
    20:         </td>
    21:         <td>
    22:           <%= movie.rating %>
  app/views/courses/index.html.erb:19:in `block in _app_views_courses_index_html_erb__3991827330432480910_70089801958680'
  app/views/courses/index.html.erb:16:in `_app_views_courses_index_html_erb__3991827330432480910_70089801958680'


  Rendered /Users/kev/.rbenv/versions/2.6.6/lib/ruby/gems/2.6.0/gems/actionpack-4.2.10/lib/action_dispatch/middleware/templates/rescues/_source.erb (6.3ms)
  Rendered /Users/kev/.rbenv/versions/2.6.6/lib/ruby/gems/2.6.0/gems/actionpack-4.2.10/lib/action_dispatch/middleware/templates/rescues/_trace.html.erb (3.3ms)
  Rendered /Users/kev/.rbenv/versions/2.6.6/lib/ruby/gems/2.6.0/gems/actionpack-4.2.10/lib/action_dispatch/middleware/templates/rescues/_request_and_response.html.erb (12.8ms)
  Rendered /Users/kev/.rbenv/versions/2.6.6/lib/ruby/gems/2.6.0/gems/actionpack-4.2.10/lib/action_dispatch/middleware/templates/rescues/template_error.html.erb within rescues/layout (42.6ms)


Started GET "/" for 127.0.0.1 at 2023-11-01 20:41:19 -0400


Started GET "/courses" for 127.0.0.1 at 2023-11-01 20:41:19 -0400
Processing by CoursesController#index as HTML
  [1m[36mCourse Load (4.9ms)[0m  [1mSELECT "courses".* FROM "courses"[0m
  Rendered courses/index.html.erb within layouts/application (49.0ms)
Completed 500 Internal Server Error in 113ms (ActiveRecord: 5.4ms)

ActionView::Template::Error (undefined local variable or method `new_movie_path' for #<#<Class:0x00007fa0b21df790>:0x00007fa0b21dc748>
Did you mean?  new_course_path):
    31:     <% end %>
    32:   </tbody>
    33: </table>
    34: <%= link_to 'Add new movie', new_movie_path, :class => 'btn btn-primary' %>
  app/views/courses/index.html.erb:34:in `_app_views_courses_index_html_erb__4540237568694389229_70164079944080'


  Rendered /Users/kev/.rbenv/versions/2.6.6/lib/ruby/gems/2.6.0/gems/actionpack-4.2.10/lib/action_dispatch/middleware/templates/rescues/_source.erb (4.1ms)
  Rendered /Users/kev/.rbenv/versions/2.6.6/lib/ruby/gems/2.6.0/gems/actionpack-4.2.10/lib/action_dispatch/middleware/templates/rescues/_trace.html.erb (1.8ms)
  Rendered /Users/kev/.rbenv/versions/2.6.6/lib/ruby/gems/2.6.0/gems/actionpack-4.2.10/lib/action_dispatch/middleware/templates/rescues/_request_and_response.html.erb (9.6ms)
  Rendered /Users/kev/.rbenv/versions/2.6.6/lib/ruby/gems/2.6.0/gems/actionpack-4.2.10/lib/action_dispatch/middleware/templates/rescues/template_error.html.erb within rescues/layout (29.4ms)


Started GET "/courses" for 127.0.0.1 at 2023-11-01 20:41:52 -0400
Processing by CoursesController#index as HTML
  [1m[35mCourse Load (0.3ms)[0m  SELECT "courses".* FROM "courses"
  Rendered courses/index.html.erb within layouts/application (2.0ms)
  Rendered layouts/_flash.erb (0.6ms)
Completed 200 OK in 437ms (Views: 436.9ms | ActiveRecord: 0.3ms)


Started GET "/assets/application.self-e80e8f2318043e8af94dddc2adad5a4f09739a8ebb323b3ab31cd71d45fd9113.css?body=1" for 127.0.0.1 at 2023-11-01 20:41:52 -0400


Started GET "/assets/jquery_ujs.self-e87806d0cf4489aeb1bb7288016024e8de67fd18db693fe026fe3907581e53cd.js?body=1" for 127.0.0.1 at 2023-11-01 20:41:53 -0400


Started GET "/assets/application.self-377610cd7c1509e934744c810e3b4cf672dfbcacac3274e7d039827e2ae0fcc7.js?body=1" for 127.0.0.1 at 2023-11-01 20:41:53 -0400


Started GET "/assets/jquery.self-660adc51e0224b731d29f575a6f1ec167ba08ad06ed5deca4f1e8654c135bf4c.js?body=1" for 127.0.0.1 at 2023-11-01 20:41:53 -0400
  [1m[36m (3.9ms)[0m  [1mCREATE TABLE "schema_migrations" ("version" varchar NOT NULL) [0m
  [1m[35m (0.1ms)[0m  select sqlite_version(*)
  [1m[36m (3.3ms)[0m  [1mCREATE UNIQUE INDEX "unique_schema_migrations" ON "schema_migrations" ("version")[0m
  [1m[35mActiveRecord::SchemaMigration Load (0.1ms)[0m  SELECT "schema_migrations".* FROM "schema_migrations"
Migrating to CreateUsers (20231101234547)
  [1m[36m (0.1ms)[0m  [1mbegin transaction[0m
DEPRECATION WARNING: `#timestamps` was called without specifying an option for `null`. In Rails 5, this behavior will change to `null: false`. You should manually specify `null: true` to prevent the behavior of your existing migrations from changing. (called from block in change at /Users/kev/Desktop/Comp Sci Projects/COMSW4152 Projects/CourseCompass/db/migrate/20231101234547_create_users.rb:15)
  [1m[35m (0.7ms)[0m  CREATE TABLE "users" ("id" INTEGER PRIMARY KEY AUTOINCREMENT NOT NULL, "uid" varchar NOT NULL, "provider" varchar, "oauth_token" varchar, "oauth_expires_at" datetime, "email" varchar, "major" varchar, "first_name" varchar, "last_name" varchar, "profile_pic" varchar, "created_at" datetime, "updated_at" datetime) 
  [1m[36m (0.1ms)[0m  [1mCREATE UNIQUE INDEX "index_users_on_uid" ON "users" ("uid")[0m
  [1m[35mSQL (0.1ms)[0m  INSERT INTO "schema_migrations" ("version") VALUES (?)  [["version", "20231101234547"]]
  [1m[36m (2.1ms)[0m  [1mcommit transaction[0m
Migrating to CreateCourses (20231101234712)
  [1m[35m (0.1ms)[0m  begin transaction
DEPRECATION WARNING: `#timestamps` was called without specifying an option for `null`. In Rails 5, this behavior will change to `null: false`. You should manually specify `null: true` to prevent the behavior of your existing migrations from changing. (called from block in change at /Users/kev/Desktop/Comp Sci Projects/COMSW4152 Projects/CourseCompass/db/migrate/20231101234712_create_courses.rb:15)
  [1m[36m (0.4ms)[0m  [1mCREATE TABLE "courses" ("id" INTEGER PRIMARY KEY AUTOINCREMENT NOT NULL, "course_number" varchar NOT NULL, "course_title" varchar, "offering_term" varchar NOT NULL, "midterm" boolean DEFAULT 0, "project" boolean DEFAULT 1, "instructor" varchar, "time" varchar, "days" varchar, "website" varchar, "created_at" datetime, "updated_at" datetime) [0m
  [1m[35mSQL (0.1ms)[0m  INSERT INTO "schema_migrations" ("version") VALUES (?)  [["version", "20231101234712"]]
  [1m[36m (3.1ms)[0m  [1mcommit transaction[0m
  [1m[35mActiveRecord::SchemaMigration Load (0.1ms)[0m  SELECT "schema_migrations".* FROM "schema_migrations"
  [1m[36m (0.1ms)[0m  [1m            SELECT sql
            FROM sqlite_master
            WHERE name='index_users_on_uid' AND type='index'
            UNION ALL
            SELECT sql
            FROM sqlite_temp_master
            WHERE name='index_users_on_uid' AND type='index'
[0m
  [1m[36m (2.9ms)[0m  [1mCREATE TABLE "courses" ("id" INTEGER PRIMARY KEY AUTOINCREMENT NOT NULL, "course_number" varchar NOT NULL, "course_title" varchar, "offering_term" varchar NOT NULL, "midterm" boolean DEFAULT 'f', "project" boolean DEFAULT 't', "instructor" varchar, "time" varchar, "days" varchar, "website" varchar, "created_at" datetime, "updated_at" datetime) [0m
  [1m[35m (2.2ms)[0m  CREATE TABLE "users" ("id" INTEGER PRIMARY KEY AUTOINCREMENT NOT NULL, "uid" varchar NOT NULL, "provider" varchar, "oauth_token" varchar, "oauth_expires_at" datetime, "email" varchar, "major" varchar, "first_name" varchar, "last_name" varchar, "profile_pic" varchar, "created_at" datetime, "updated_at" datetime) 
  [1m[36m (0.1ms)[0m  [1mselect sqlite_version(*)[0m
  [1m[35m (4.4ms)[0m  CREATE UNIQUE INDEX "index_users_on_uid" ON "users" ("uid")
  [1m[36m (2.2ms)[0m  [1mCREATE TABLE "schema_migrations" ("version" varchar NOT NULL) [0m
  [1m[35m (1.8ms)[0m  CREATE UNIQUE INDEX "unique_schema_migrations" ON "schema_migrations" ("version")
  [1m[36m (0.1ms)[0m  [1mSELECT version FROM "schema_migrations"[0m
  [1m[35m (1.8ms)[0m  INSERT INTO "schema_migrations" (version) VALUES ('20231101234712')
  [1m[36m (1.8ms)[0m  [1mINSERT INTO "schema_migrations" (version) VALUES ('20231101234547')[0m
  [1m[35mActiveRecord::SchemaMigration Load (1.0ms)[0m  SELECT "schema_migrations".* FROM "schema_migrations"
  [1m[36m (2.3ms)[0m  [1mCREATE TABLE "courses" ("id" INTEGER PRIMARY KEY AUTOINCREMENT NOT NULL, "course_number" varchar NOT NULL, "course_title" varchar, "offering_term" varchar NOT NULL, "midterm" boolean DEFAULT 'f', "project" boolean DEFAULT 't', "instructor" varchar, "time" varchar, "days" varchar, "website" varchar, "created_at" datetime, "updated_at" datetime) [0m
  [1m[35m (2.5ms)[0m  CREATE TABLE "users" ("id" INTEGER PRIMARY KEY AUTOINCREMENT NOT NULL, "uid" varchar NOT NULL, "provider" varchar, "oauth_token" varchar, "oauth_expires_at" datetime, "email" varchar, "major" varchar, "first_name" varchar, "last_name" varchar, "profile_pic" varchar, "created_at" datetime, "updated_at" datetime) 
  [1m[36m (0.1ms)[0m  [1mselect sqlite_version(*)[0m
  [1m[35m (2.6ms)[0m  CREATE UNIQUE INDEX "index_users_on_uid" ON "users" ("uid")
  [1m[36m (2.3ms)[0m  [1mCREATE TABLE "schema_migrations" ("version" varchar NOT NULL) [0m
  [1m[35m (2.2ms)[0m  CREATE UNIQUE INDEX "unique_schema_migrations" ON "schema_migrations" ("version")
  [1m[36m (0.2ms)[0m  [1mSELECT version FROM "schema_migrations"[0m
  [1m[35m (2.4ms)[0m  INSERT INTO "schema_migrations" (version) VALUES ('20231101234712')
  [1m[36m (2.2ms)[0m  [1mINSERT INTO "schema_migrations" (version) VALUES ('20231101234547')[0m
  [1m[35mActiveRecord::SchemaMigration Load (1.5ms)[0m  SELECT "schema_migrations".* FROM "schema_migrations"
  [1m[36m (0.1ms)[0m  [1mbegin transaction[0m
  [1m[35mSQL (2.9ms)[0m  INSERT INTO "courses" ("course_number", "course_title", "offering_term", "instructor", "time", "days", "website", "created_at", "updated_at") VALUES (?, ?, ?, ?, ?, ?, ?, ?, ?)  [["course_number", "COMS W 4152"], ["course_title", "Engineering Software-as-a-Service"], ["offering_term", "Fall 2023"], ["instructor", "Junfeng Yang"], ["time", "8:40 PM - 9:55 PM"], ["days", "TR"], ["website", "http://www.columbia.edu/cu/bulletin/uwb/subj/COMS/W4152-20233-001/"], ["created_at", "2023-11-02 00:55:58.622131"], ["updated_at", "2023-11-02 00:55:58.622131"]]
  [1m[36m (2.7ms)[0m  [1mcommit transaction[0m
  [1m[35m (0.1ms)[0m  begin transaction
  [1m[36mSQL (1.7ms)[0m  [1mINSERT INTO "courses" ("course_number", "course_title", "offering_term", "instructor", "website", "days", "time", "created_at", "updated_at") VALUES (?, ?, ?, ?, ?, ?, ?, ?, ?)[0m  [["course_number", "COMS E 6998-024"], ["course_title", "Adv Computer Networks"], ["offering_term", "Fall 2023"], ["instructor", "Katz-Bassett, Ethan"], ["website", "http://www.columbia.edu/cu/bulletin/uwb/subj/COMS/E6998-20233-024/"], ["days", "TR"], ["time", "2:40 PM - 3:55 PM"], ["created_at", "2023-11-02 00:55:58.632156"], ["updated_at", "2023-11-02 00:55:58.632156"]]
  [1m[35m (2.4ms)[0m  commit transaction
  [1m[36m (0.1ms)[0m  [1mbegin transaction[0m
  [1m[35mSQL (0.5ms)[0m  INSERT INTO "courses" ("course_number", "course_title", "offering_term", "instructor", "website", "days", "time", "created_at", "updated_at") VALUES (?, ?, ?, ?, ?, ?, ?, ?, ?)  [["course_number", "COMS W 4995-014"], ["course_title", "Adv Mach Lrng Health &med"], ["offering_term", "Fall 2023"], ["instructor", "Joshi, Shalmali"], ["website", "http://www.columbia.edu/cu/bulletin/uwb/subj/COMS/W4995-20233-014/"], ["days", "Fr"], ["time", "2:00 PM - 4:00 PM"], ["created_at", "2023-11-02 00:55:58.638259"], ["updated_at", "2023-11-02 00:55:58.638259"]]
  [1m[36m (2.1ms)[0m  [1mcommit transaction[0m
  [1m[35m (0.1ms)[0m  begin transaction
  [1m[36mSQL (1.9ms)[0m  [1mINSERT INTO "courses" ("course_number", "course_title", "offering_term", "instructor", "website", "days", "time", "created_at", "updated_at") VALUES (?, ?, ?, ?, ?, ?, ?, ?, ?)[0m  [["course_number", "COMS E 6998-012"], ["course_title", "Adv Web Design Studio"], ["offering_term", "Fall 2023"], ["instructor", "Chilton, Lydia B"], ["website", "http://www.columbia.edu/cu/bulletin/uwb/subj/COMS/E6998-20233-012/"], ["days", "Fr"], ["time", "12:10 PM - 2:00 PM"], ["created_at", "2023-11-02 00:55:58.642997"], ["updated_at", "2023-11-02 00:55:58.642997"]]
  [1m[35m (2.2ms)[0m  commit transaction
  [1m[36m (0.1ms)[0m  [1mbegin transaction[0m
  [1m[35mSQL (0.3ms)[0m  INSERT INTO "courses" ("course_number", "course_title", "offering_term", "instructor", "website", "days", "time", "created_at", "updated_at") VALUES (?, ?, ?, ?, ?, ?, ?, ?, ?)  [["course_number", "COMS W 3157-001"], ["course_title", "Advanced Programming"], ["offering_term", "Fall 2023"], ["instructor", "Lee, Jae Woo"], ["website", "http://www.columbia.edu/cu/bulletin/uwb/subj/COMS/W3157-20233-001/"], ["days", "TR"], ["time", "2:40 PM - 3:55 PM"], ["created_at", "2023-11-02 00:55:58.648855"], ["updated_at", "2023-11-02 00:55:58.648855"]]
  [1m[36m (1.8ms)[0m  [1mcommit transaction[0m
  [1m[35m (0.0ms)[0m  begin transaction
  [1m[36mSQL (0.3ms)[0m  [1mINSERT INTO "courses" ("course_number", "course_title", "offering_term", "instructor", "website", "days", "time", "created_at", "updated_at") VALUES (?, ?, ?, ?, ?, ?, ?, ?, ?)[0m  [["course_number", "COMS W 3157-002"], ["course_title", "Advanced Programming"], ["offering_term", "Fall 2023"], ["instructor", "Lee, Jae Woo"], ["website", "http://www.columbia.edu/cu/bulletin/uwb/subj/COMS/W3157-20233-002/"], ["days", "TR"], ["time", "5:40 PM - 6:55 PM"], ["created_at", "2023-11-02 00:55:58.652146"], ["updated_at", "2023-11-02 00:55:58.652146"]]
  [1m[35m (1.4ms)[0m  commit transaction
  [1m[36m (0.1ms)[0m  [1mbegin transaction[0m
  [1m[35mSQL (0.4ms)[0m  INSERT INTO "courses" ("course_number", "course_title", "offering_term", "instructor", "website", "days", "time", "created_at", "updated_at") VALUES (?, ?, ?, ?, ?, ?, ?, ?, ?)  [["course_number", "COMS E 6998-020"], ["course_title", "Agile & Iterative Dev"], ["offering_term", "Fall 2023"], ["instructor", "Ricci, Jason"], ["website", "http://www.columbia.edu/cu/bulletin/uwb/subj/COMS/E6998-20233-020/"], ["days", "MW"], ["time", "4:10 PM - 5:25 PM"], ["created_at", "2023-11-02 00:55:58.655101"], ["updated_at", "2023-11-02 00:55:58.655101"]]
  [1m[36m (2.0ms)[0m  [1mcommit transaction[0m
  [1m[35m (0.1ms)[0m  begin transaction
  [1m[36mSQL (0.5ms)[0m  [1mINSERT INTO "courses" ("course_number", "course_title", "offering_term", "instructor", "website", "days", "time", "created_at", "updated_at") VALUES (?, ?, ?, ?, ?, ?, ?, ?, ?)[0m  [["course_number", "COMS W 3157-004"], ["course_title", "Advanced Programming"], ["offering_term", "Fall 2023"], ["instructor", "Lee, Jae Woo"], ["website", "http://www.columbia.edu/cu/bulletin/uwb/subj/COMS/W3157-20233-004/"], ["days", "TR"], ["time", "8:10 AM - 9:25 AM"], ["created_at", "2023-11-02 00:55:58.658930"], ["updated_at", "2023-11-02 00:55:58.658930"]]
  [1m[35m (2.0ms)[0m  commit transaction
  [1m[36m (0.0ms)[0m  [1mbegin transaction[0m
  [1m[35mSQL (0.5ms)[0m  INSERT INTO "courses" ("course_number", "course_title", "offering_term", "midterm", "instructor", "website", "days", "time", "created_at", "updated_at") VALUES (?, ?, ?, ?, ?, ?, ?, ?, ?, ?)  [["course_number", "COMS W 4735-001"], ["course_title", "Computational Aspects of Robotics"], ["offering_term", "Fall 2023"], ["midterm", "t"], ["instructor", "Allen, Peter K"], ["website", "http://www.columbia.edu/cu/bulletin/uwb/subj/COMS/W4735-20233-001/"], ["days", "TR"], ["time", "11:40 AM - 12:55 PM"], ["created_at", "2023-11-02 00:55:58.663023"], ["updated_at", "2023-11-02 00:55:58.663023"]]
  [1m[36m (2.2ms)[0m  [1mcommit transaction[0m
  [1m[35m (0.1ms)[0m  begin transaction
  [1m[36mSQL (0.4ms)[0m  [1mINSERT INTO "courses" ("course_number", "course_title", "offering_term", "midterm", "instructor", "website", "days", "time", "created_at", "updated_at") VALUES (?, ?, ?, ?, ?, ?, ?, ?, ?, ?)[0m  [["course_number", "COMS W 4118-001"], ["course_title", "Operating Systems I"], ["offering_term", "Fall 2023"], ["midterm", "t"], ["instructor", "Bellovin, Steven M"], ["website", "http://www.columbia.edu/cu/bulletin/uwb/subj/COMS/W4118-20233-001/"], ["days", "TR"], ["time", "1:10 PM - 2:25 PM"], ["created_at", "2023-11-02 00:55:58.667238"], ["updated_at", "2023-11-02 00:55:58.667238"]]
  [1m[35m (2.0ms)[0m  commit transaction
  [1m[36m (0.1ms)[0m  [1mbegin transaction[0m
  [1m[35mSQL (0.4ms)[0m  INSERT INTO "courses" ("course_number", "course_title", "offering_term", "instructor", "website", "days", "time", "created_at", "updated_at") VALUES (?, ?, ?, ?, ?, ?, ?, ?, ?)  [["course_number", "COMS W 4160-001"], ["course_title", "Computer Graphics"], ["offering_term", "Fall 2023"], ["instructor", "Raskar, Ramesh"], ["website", "http://www.columbia.edu/cu/bulletin/uwb/subj/COMS/W4160-20233-001/"], ["days", "TR"], ["time", "10:10 AM - 11:25 AM"], ["created_at", "2023-11-02 00:55:58.671103"], ["updated_at", "2023-11-02 00:55:58.671103"]]
  [1m[36m (1.7ms)[0m  [1mcommit transaction[0m
  [1m[35m (0.0ms)[0m  begin transaction
  [1m[36mSQL (0.3ms)[0m  [1mINSERT INTO "courses" ("course_number", "course_title", "offering_term", "midterm", "instructor", "website", "days", "time", "created_at", "updated_at") VALUES (?, ?, ?, ?, ?, ?, ?, ?, ?, ?)[0m  [["course_number", "COMS W 4156-001"], ["course_title", "Advanced Software Engineering"], ["offering_term", "Fall 2023"], ["midterm", "t"], ["instructor", "Kaiser, Gail E"], ["website", "http://www.columbia.edu/cu/bulletin/uwb/subj/COMS/W4156-20233-001/"], ["days", "MW"], ["time", "10:10 AM - 11:25 AM"], ["created_at", "2023-11-02 00:55:58.674506"], ["updated_at", "2023-11-02 00:55:58.674506"]]
  [1m[35m (1.9ms)[0m  commit transaction
  [1m[36m (0.1ms)[0m  [1mbegin transaction[0m
  [1m[35mSQL (0.4ms)[0m  INSERT INTO "courses" ("course_number", "course_title", "offering_term", "midterm", "project", "instructor", "website", "days", "time", "created_at", "updated_at") VALUES (?, ?, ?, ?, ?, ?, ?, ?, ?, ?, ?)  [["course_number", "COMS W 3261-001"], ["course_title", "Computer Science Theory"], ["offering_term", "Fall 2023"], ["midterm", "t"], ["project", "f"], ["instructor", "Yannakakis, Mihalis"], ["website", "http://www.columbia.edu/cu/bulletin/uwb/subj/COMS/W3261-20233-001/"], ["days", "TR"], ["time", "1:10 PM - 2:25 PM"], ["created_at", "2023-11-02 00:55:58.678161"], ["updated_at", "2023-11-02 00:55:58.678161"]]
  [1m[36m (2.7ms)[0m  [1mcommit transaction[0m
  [1m[35m (0.0ms)[0m  begin transaction
  [1m[36mSQL (0.3ms)[0m  [1mINSERT INTO "courses" ("course_number", "course_title", "offering_term", "midterm", "instructor", "website", "days", "time", "created_at", "updated_at") VALUES (?, ?, ?, ?, ?, ?, ?, ?, ?, ?)[0m  [["course_number", "COMS W 1004-003"], ["course_title", "Introduction to Computer Science and Programming in Java"], ["offering_term", "Fall 2023"], ["midterm", "t"], ["instructor", "Cannistraci, Christopher J"], ["website", "http://www.columbia.edu/cu/bulletin/uwb/subj/COMS/W1004-20233-003/"], ["days", "TR"], ["time", "4:10 PM - 5:25 PM"], ["created_at", "2023-11-02 00:55:58.682840"], ["updated_at", "2023-11-02 00:55:58.682840"]]
  [1m[35m (1.8ms)[0m  commit transaction
  [1m[36m (0.0ms)[0m  [1mbegin transaction[0m
  [1m[35mSQL (0.3ms)[0m  INSERT INTO "courses" ("course_number", "course_title", "offering_term", "midterm", "instructor", "website", "days", "time", "created_at", "updated_at") VALUES (?, ?, ?, ?, ?, ?, ?, ?, ?, ?)  [["course_number", "COMS W 1007-001"], ["course_title", "Honors Introduction to Computer Science"], ["offering_term", "Fall 2023"], ["midterm", "t"], ["instructor", "Edwards, Stephen A"], ["website", "http://www.columbia.edu/cu/bulletin/uwb/subj/COMS/W1007-20233-001/"], ["days", "TR"], ["time", "11:40 AM - 12:55 PM"], ["created_at", "2023-11-02 00:55:58.686170"], ["updated_at", "2023-11-02 00:55:58.686170"]]
  [1m[36m (2.1ms)[0m  [1mcommit transaction[0m
  [1m[35m (0.1ms)[0m  begin transaction
  [1m[36mSQL (0.7ms)[0m  [1mINSERT INTO "courses" ("course_number", "course_title", "offering_term", "instructor", "website", "days", "time", "created_at", "updated_at") VALUES (?, ?, ?, ?, ?, ?, ?, ?, ?)[0m  [["course_number", "COMS W 4170-001"], ["course_title", "User Interface Design"], ["offering_term", "Fall 2023"], ["instructor", "Norman, Donald"], ["website", "http://www.columbia.edu/cu/bulletin/uwb/subj/COMS/W4170-20233-001/"], ["days", "MW"], ["time", "2:40 PM - 3:55 PM"], ["created_at", "2023-11-02 00:55:58.690345"], ["updated_at", "2023-11-02 00:55:58.690345"]]
  [1m[35m (2.1ms)[0m  commit transaction
  [1m[36m (0.1ms)[0m  [1mbegin transaction[0m
  [1m[35mSQL (2.0ms)[0m  INSERT INTO "users" ("provider", "uid", "oauth_token", "email", "major", "first_name", "last_name", "profile_pic", "created_at", "updated_at") VALUES (?, ?, ?, ?, ?, ?, ?, ?, ?, ?)  [["provider", "google_oauth2"], ["uid", "1"], ["oauth_token", "0"], ["email", "test1@columbia.edu"], ["major", "Computer Science"], ["first_name", "Test"], ["last_name", "User1"], ["profile_pic", "https://static.vecteezy.com/system/resources/previews/002/318/271/non_2x/user-profile-icon-free-vector.jpg"], ["created_at", "2023-11-02 00:55:58.705386"], ["updated_at", "2023-11-02 00:55:58.705386"]]
  [1m[36m (3.2ms)[0m  [1mcommit transaction[0m
  [1m[35m (0.0ms)[0m  begin transaction
  [1m[36mSQL (0.4ms)[0m  [1mINSERT INTO "users" ("provider", "uid", "oauth_token", "email", "major", "first_name", "last_name", "profile_pic", "created_at", "updated_at") VALUES (?, ?, ?, ?, ?, ?, ?, ?, ?, ?)[0m  [["provider", "google_oauth2"], ["uid", "2"], ["oauth_token", "0"], ["email", "test2@columbia.edu"], ["major", "Computer Science"], ["first_name", "Test"], ["last_name", "User2"], ["profile_pic", "https://static.vecteezy.com/system/resources/previews/002/318/271/non_2x/user-profile-icon-free-vector.jpg"], ["created_at", "2023-11-02 00:55:58.712356"], ["updated_at", "2023-11-02 00:55:58.712356"]]
  [1m[35m (2.5ms)[0m  commit transaction
  [1m[36m (0.0ms)[0m  [1mbegin transaction[0m
  [1m[35mSQL (0.6ms)[0m  INSERT INTO "users" ("provider", "uid", "oauth_token", "email", "major", "first_name", "last_name", "profile_pic", "created_at", "updated_at") VALUES (?, ?, ?, ?, ?, ?, ?, ?, ?, ?)  [["provider", "google_oauth2"], ["uid", "3"], ["oauth_token", "0"], ["email", "test3@columbia.edu"], ["major", "Economics"], ["first_name", "Test"], ["last_name", "User3"], ["profile_pic", "https://static.vecteezy.com/system/resources/previews/002/318/271/non_2x/user-profile-icon-free-vector.jpg"], ["created_at", "2023-11-02 00:55:58.716532"], ["updated_at", "2023-11-02 00:55:58.716532"]]
  [1m[36m (1.4ms)[0m  [1mcommit transaction[0m
  [1m[35m (0.0ms)[0m  begin transaction
  [1m[36mSQL (0.4ms)[0m  [1mINSERT INTO "users" ("provider", "uid", "oauth_token", "email", "major", "first_name", "last_name", "profile_pic", "created_at", "updated_at") VALUES (?, ?, ?, ?, ?, ?, ?, ?, ?, ?)[0m  [["provider", "google_oauth2"], ["uid", "4"], ["oauth_token", "0"], ["email", "test4@columbia.edu"], ["major", "Electrical Engineering"], ["first_name", "Test"], ["last_name", "User4"], ["profile_pic", "https://static.vecteezy.com/system/resources/previews/002/318/271/non_2x/user-profile-icon-free-vector.jpg"], ["created_at", "2023-11-02 00:55:58.734838"], ["updated_at", "2023-11-02 00:55:58.734838"]]
  [1m[35m (1.5ms)[0m  commit transaction
  [1m[36m (0.0ms)[0m  [1mbegin transaction[0m
  [1m[35mSQL (0.4ms)[0m  INSERT INTO "users" ("provider", "uid", "oauth_token", "email", "major", "first_name", "last_name", "profile_pic", "created_at", "updated_at") VALUES (?, ?, ?, ?, ?, ?, ?, ?, ?, ?)  [["provider", "google_oauth2"], ["uid", "5"], ["oauth_token", "0"], ["email", "test5@columbia.edu"], ["major", "Mechanical Engineering"], ["first_name", "Test"], ["last_name", "User5"], ["profile_pic", "https://static.vecteezy.com/system/resources/previews/002/318/271/non_2x/user-profile-icon-free-vector.jpg"], ["created_at", "2023-11-02 00:55:58.738007"], ["updated_at", "2023-11-02 00:55:58.738007"]]
  [1m[36m (1.8ms)[0m  [1mcommit transaction[0m
  [1m[35m (0.1ms)[0m  begin transaction
  [1m[36mSQL (0.4ms)[0m  [1mINSERT INTO "users" ("provider", "uid", "oauth_token", "email", "major", "first_name", "last_name", "profile_pic", "created_at", "updated_at") VALUES (?, ?, ?, ?, ?, ?, ?, ?, ?, ?)[0m  [["provider", "google_oauth2"], ["uid", "6"], ["oauth_token", "0"], ["email", "test6@columbia.edu"], ["major", "Physics"], ["first_name", "Test"], ["last_name", "User6"], ["profile_pic", "https://static.vecteezy.com/system/resources/previews/002/318/271/non_2x/user-profile-icon-free-vector.jpg"], ["created_at", "2023-11-02 00:55:58.742882"], ["updated_at", "2023-11-02 00:55:58.742882"]]
  [1m[35m (2.1ms)[0m  commit transaction
  [1m[36m (0.1ms)[0m  [1mbegin transaction[0m
  [1m[35mSQL (1.0ms)[0m  INSERT INTO "users" ("provider", "uid", "oauth_token", "email", "major", "first_name", "last_name", "profile_pic", "created_at", "updated_at") VALUES (?, ?, ?, ?, ?, ?, ?, ?, ?, ?)  [["provider", "google_oauth2"], ["uid", "7"], ["oauth_token", "0"], ["email", "test7@columbia.edu"], ["major", "Mathematics"], ["first_name", "Test"], ["last_name", "User7"], ["profile_pic", "https://static.vecteezy.com/system/resources/previews/002/318/271/non_2x/user-profile-icon-free-vector.jpg"], ["created_at", "2023-11-02 00:55:58.746913"], ["updated_at", "2023-11-02 00:55:58.746913"]]
  [1m[36m (1.9ms)[0m  [1mcommit transaction[0m
  [1m[35m (0.1ms)[0m  begin transaction
  [1m[36mSQL (0.4ms)[0m  [1mINSERT INTO "users" ("provider", "uid", "oauth_token", "email", "major", "first_name", "last_name", "profile_pic", "created_at", "updated_at") VALUES (?, ?, ?, ?, ?, ?, ?, ?, ?, ?)[0m  [["provider", "google_oauth2"], ["uid", "8"], ["oauth_token", "0"], ["email", "test8@columbia.edu"], ["major", "Biology"], ["first_name", "Test"], ["last_name", "User8"], ["profile_pic", "https://static.vecteezy.com/system/resources/previews/002/318/271/non_2x/user-profile-icon-free-vector.jpg"], ["created_at", "2023-11-02 00:55:58.751900"], ["updated_at", "2023-11-02 00:55:58.751900"]]
  [1m[35m (2.0ms)[0m  commit transaction
  [1m[36m (0.2ms)[0m  [1mbegin transaction[0m
  [1m[35mSQL (0.5ms)[0m  INSERT INTO "users" ("provider", "uid", "oauth_token", "email", "major", "first_name", "last_name", "profile_pic", "created_at", "updated_at") VALUES (?, ?, ?, ?, ?, ?, ?, ?, ?, ?)  [["provider", "google_oauth2"], ["uid", "9"], ["oauth_token", "0"], ["email", "test9@columbia.edu"], ["major", "Chemistry"], ["first_name", "Test"], ["last_name", "User9"], ["profile_pic", "https://static.vecteezy.com/system/resources/previews/002/318/271/non_2x/user-profile-icon-free-vector.jpg"], ["created_at", "2023-11-02 00:55:58.756067"], ["updated_at", "2023-11-02 00:55:58.756067"]]
  [1m[36m (1.7ms)[0m  [1mcommit transaction[0m
  [1m[35m (0.0ms)[0m  begin transaction
  [1m[36mSQL (0.4ms)[0m  [1mINSERT INTO "users" ("provider", "uid", "oauth_token", "email", "major", "first_name", "last_name", "profile_pic", "created_at", "updated_at") VALUES (?, ?, ?, ?, ?, ?, ?, ?, ?, ?)[0m  [["provider", "google_oauth2"], ["uid", "10"], ["oauth_token", "0"], ["email", "test10@columbia.edu"], ["major", "Political Science"], ["first_name", "Test"], ["last_name", "User10"], ["profile_pic", "https://static.vecteezy.com/system/resources/previews/002/318/271/non_2x/user-profile-icon-free-vector.jpg"], ["created_at", "2023-11-02 00:55:58.759745"], ["updated_at", "2023-11-02 00:55:58.759745"]]
  [1m[35m (2.0ms)[0m  commit transaction
